#
# A fatal error has been detected by the Java Runtime Environment:
#
#  EXCEPTION_ACCESS_VIOLATION (0xc0000005) at pc=0x00000000676427aa, pid=20860, tid=0x0000000000000ddc
#
# JRE version: Java(TM) SE Runtime Environment (8.0_144-b01) (build 1.8.0_144-b01)
# Java VM: Java HotSpot(TM) 64-Bit Server VM (25.144-b01 mixed mode windows-amd64 compressed oops)
# Problematic frame:
# C  [libpv_porcupine.dll+0x27aa]
#
# Failed to write core dump. Minidumps are not enabled by default on client versions of Windows
#
# If you would like to submit a bug report, please visit:
#   http://bugreport.java.com/bugreport/crash.jsp
# The crash happened outside the Java Virtual Machine in native code.
# See problematic frame for where to report the bug.
#

---------------  T H R E A D  ---------------

Current thread (0x000000001fdcc800):  JavaThread "Thread-3" [_thread_in_native, id=3548, stack(0x0000000024110000,0x0000000024210000)]

siginfo: ExceptionCode=0xc0000005, reading address 0xffffffffffffffff

Registers:
RAX=0x0000000000000010, RBX=0x0000000020d9e794, RCX=0x5c85bfef00000000, RDX=0x0000000024ed8210
RSP=0x000000002420ec60, RBP=0x000000002420edc0, RSI=0x000000002420edbc, RDI=0x000000002420ed50
R8 =0x000000002420ed50, R9 =0x0000000000000000, R10=0x005202a502690138, R11=0x0000000024ed8210
R12=0x0000000000000000, R13=0x0000000022fb7a78, R14=0x000000002420eea8, R15=0x000000001fdcc800
RIP=0x00000000676427aa, EFLAGS=0x0000000000010206

Top of Stack: (sp=0x000000002420ec60)
0x000000002420ec60:   000000001fdcc800 000000000000000c
0x000000002420ec70:   0000000000000007 000000005cf72008
0x000000002420ec80:   0000000000000000 0000000000000000
0x000000002420ec90:   0000000000000000 0000000000000000
0x000000002420eca0:   0000000000000000 0000000000000000
0x000000002420ecb0:   0000000000000000 0000000000000000
0x000000002420ecc0:   0000000000000000 0000000000000000
0x000000002420ecd0:   0000000000000000 0000000000000000
0x000000002420ece0:   0000000000000000 0000000000000000
0x000000002420ecf0:   0000000000000000 0000000020d9e794
0x000000002420ed00:   000000002420edbc 000000002420ed50
0x000000002420ed10:   000000002420edc0 0000000000000000
0x000000002420ed20:   0000000022fb7a78 00000000676422ae
0x000000002420ed30:   0000000020d9e794 000000006764229a
0x000000002420ed40:   000000001fdcc800 000000001fd919d0
0x000000002420ed50:   0000000022fb7a78 000000002420eea8 

Instructions: (pc=0x00000000676427aa)
0x000000006764278a:   0f 29 44 24 40 44 0f 29 4c 24 50 44 0f 29 54 24
0x000000006764279a:   60 44 0f 29 5c 24 70 44 0f 29 a4 24 80 00 00 00
0x00000000676427aa:   4c 8b 19 48 89 cb 4c 89 d9 4c 89 c5 48 c1 e9 02
0x00000000676427ba:   48 f7 d9 83 e1 03 0f 84 4a 0d 00 00 0f bf 02 c1 


Register to memory mapping:

RAX=0x0000000000000010 is an unknown value
RBX=0x0000000020d9e794 is pointing into the stack for thread: 0x000000001fdce000
RCX=0x5c85bfef00000000 is an unknown value
RDX=0x0000000024ed8210 is an unknown value
RSP=0x000000002420ec60 is pointing into the stack for thread: 0x000000001fdcc800
RBP=0x000000002420edc0 is pointing into the stack for thread: 0x000000001fdcc800
RSI=0x000000002420edbc is pointing into the stack for thread: 0x000000001fdcc800
RDI=0x000000002420ed50 is pointing into the stack for thread: 0x000000001fdcc800
R8 =0x000000002420ed50 is pointing into the stack for thread: 0x000000001fdcc800
R9 =0x0000000000000000 is an unknown value
R10=0x005202a502690138 is an unknown value
R11=0x0000000024ed8210 is an unknown value
R12=0x0000000000000000 is an unknown value
R13={method} {0x0000000022fb7a80} 'process' '(J[S)I' in 'ai/picovoice/porcupine/Porcupine'
R14=0x000000002420eea8 is pointing into the stack for thread: 0x000000001fdcc800
R15=0x000000001fdcc800 is a thread


Stack: [0x0000000024110000,0x0000000024210000],  sp=0x000000002420ec60,  free space=1019k
Native frames: (J=compiled Java code, j=interpreted, Vv=VM code, C=native code)
C  [libpv_porcupine.dll+0x27aa]
C  [libpv_porcupine.dll+0x22ae]
C  [libjni.dll+0x15a3]
C  0x0000000002b17f74

Java frames: (J=compiled Java code, j=interpreted, Vv=VM code)
j  ai.picovoice.porcupine.Porcupine.process(J[S)I+0
j  ai.picovoice.porcupine.Porcupine.processFrame([S)Z+24
j  net.notfab.voicebot.VoiceReceiveHandler.lambda$setupActiveListener$0()V+172
j  net.notfab.voicebot.VoiceReceiveHandler$$Lambda$64.run()V+4
j  java.lang.Thread.run()V+11
v  ~StubRoutines::call_stub

---------------  P R O C E S S  ---------------

Java Threads: ( => current thread )
=>0x000000001fdcc800 JavaThread "Thread-3" [_thread_in_native, id=3548, stack(0x0000000024110000,0x0000000024210000)]
  0x000000001fdcc000 JavaThread "JDA MainWS-KeepAlive Thread" daemon [_thread_blocked, id=20632, stack(0x0000000020ea0000,0x0000000020fa0000)]
  0x000000001fdcf000 JavaThread "JDA MainWS-WriteThread" [_thread_blocked, id=12708, stack(0x0000000020da0000,0x0000000020ea0000)]
  0x000000001fdce000 JavaThread "JDA MainWS-ReadThread" [_thread_in_native, id=6944, stack(0x0000000020ca0000,0x0000000020da0000)]
  0x000000001fdd4000 JavaThread "JDA MainWS-Sending Thread" [_thread_blocked, id=20556, stack(0x0000000020ba0000,0x0000000020ca0000)]
  0x0000000002a03800 JavaThread "DestroyJavaVM" [_thread_blocked, id=3540, stack(0x0000000002700000,0x0000000002800000)]
  0x000000001fc9b000 JavaThread "JDA-Thread JDA" daemon [_thread_blocked, id=7868, stack(0x00000000209a0000,0x0000000020aa0000)]
  0x000000001fc9a000 JavaThread "JDA RateLimit-Queue Pool - Thread 2" daemon [_thread_blocked, id=240, stack(0x00000000207a0000,0x00000000208a0000)]
  0x000000001fc90800 JavaThread "JDA-Thread JDA" daemon [_thread_blocked, id=22940, stack(0x00000000206a0000,0x00000000207a0000)]
  0x000000001fc8b000 JavaThread "Okio Watchdog" daemon [_thread_blocked, id=8824, stack(0x00000000205a0000,0x00000000206a0000)]
  0x000000001fc74800 JavaThread "OkHttp ConnectionPool" daemon [_thread_blocked, id=21652, stack(0x00000000204a0000,0x00000000205a0000)]
  0x000000001fc02800 JavaThread "JDA RateLimit-Queue Pool - Thread 1" daemon [_thread_blocked, id=20716, stack(0x00000000200a0000,0x00000000201a0000)]
  0x000000001e606000 JavaThread "Service Thread" daemon [_thread_blocked, id=7300, stack(0x000000001f160000,0x000000001f260000)]
  0x000000001e5ea000 JavaThread "C1 CompilerThread3" daemon [_thread_blocked, id=1856, stack(0x000000001f060000,0x000000001f160000)]
  0x000000001e5e4000 JavaThread "C2 CompilerThread2" daemon [_thread_blocked, id=17268, stack(0x000000001ef60000,0x000000001f060000)]
  0x000000001e5df800 JavaThread "C2 CompilerThread1" daemon [_thread_blocked, id=22012, stack(0x000000001ee60000,0x000000001ef60000)]
  0x000000001e5dd800 JavaThread "C2 CompilerThread0" daemon [_thread_blocked, id=20056, stack(0x000000001ed60000,0x000000001ee60000)]
  0x000000001e5dc000 JavaThread "Monitor Ctrl-Break" daemon [_thread_in_native, id=20328, stack(0x000000001ec60000,0x000000001ed60000)]
  0x000000001e499800 JavaThread "Attach Listener" daemon [_thread_blocked, id=19316, stack(0x000000001eb60000,0x000000001ec60000)]
  0x000000001e498800 JavaThread "Signal Dispatcher" daemon [_thread_blocked, id=23240, stack(0x000000001ea60000,0x000000001eb60000)]
  0x000000001e490800 JavaThread "Finalizer" daemon [_thread_blocked, id=13028, stack(0x000000001e870000,0x000000001e970000)]
  0x000000001c57d800 JavaThread "Reference Handler" daemon [_thread_blocked, id=22764, stack(0x000000001e370000,0x000000001e470000)]

Other Threads:
  0x000000001c579000 VMThread [stack: 0x000000001e270000,0x000000001e370000] [id=13072]
  0x000000001e60b800 WatcherThread [stack: 0x000000001f260000,0x000000001f360000] [id=19660]

VM state:not at safepoint (normal execution)

VM Mutex/Monitor currently owned by a thread: None

Heap:
 PSYoungGen      total 308224K, used 210560K [0x000000076b000000, 0x0000000783400000, 0x00000007c0000000)
  eden space 251392K, 61% used [0x000000076b000000,0x0000000774627fe0,0x000000077a580000)
  from space 56832K, 99% used [0x000000077e780000,0x0000000781ef8200,0x0000000781f00000)
  to   space 67584K, 0% used [0x000000077a580000,0x000000077a580000,0x000000077e780000)
 ParOldGen       total 175104K, used 110501K [0x00000006c1000000, 0x00000006cbb00000, 0x000000076b000000)
  object space 175104K, 63% used [0x00000006c1000000,0x00000006c7be9608,0x00000006cbb00000)
 Metaspace       used 14312K, capacity 14676K, committed 14848K, reserved 1062912K
  class space    used 1628K, capacity 1746K, committed 1792K, reserved 1048576K

Card table byte_map: [0x0000000011ec0000,0x00000000126c0000] byte_map_base: 0x000000000e8b8000

Marking Bits: (ParMarkBitMap*) 0x000000005cf7d850
 Begin Bits: [0x0000000013410000, 0x00000000173d0000)
 End Bits:   [0x00000000173d0000, 0x000000001b390000)

Polling page: 0x0000000000980000

CodeCache: size=245760Kb used=7106Kb max_used=7106Kb free=238653Kb
 bounds [0x0000000002b00000, 0x0000000003200000, 0x0000000011b00000]
 total_blobs=2305 nmethods=1880 adapters=337
 compilation: enabled

Compilation events (10 events):
Event: 6.116 Thread 0x000000001e5ea000 nmethod 1889 0x00000000031f0810 code [0x00000000031f0980, 0x00000000031f0b90]
Event: 6.116 Thread 0x000000001e5ea000 1890       3       java.lang.Character::isJavaIdentifierPart (9 bytes)
Event: 6.116 Thread 0x000000001e5ea000 nmethod 1890 0x00000000031f0c50 code [0x00000000031f0dc0, 0x00000000031f0ff8]
Event: 6.116 Thread 0x000000001e5ea000 1891       3       java.lang.CharacterDataLatin1::isJavaIdentifierPart (20 bytes)
Event: 6.116 Thread 0x000000001e5ea000 nmethod 1891 0x00000000031f10d0 code [0x00000000031f1240, 0x00000000031f1490]
Event: 6.118 Thread 0x000000001e5ea000 1892       3       java.nio.HeapByteBuffer::_get (7 bytes)
Event: 6.118 Thread 0x000000001e5ea000 nmethod 1892 0x00000000031f15d0 code [0x00000000031f1720, 0x00000000031f18b0]
Event: 6.118 Thread 0x000000001e5ea000 1893       3       java.nio.ByteBufferAsShortBufferL::get (16 bytes)
Event: 6.118 Thread 0x000000001e5ea000 nmethod 1893 0x00000000031f1990 code [0x00000000031f1b40, 0x00000000031f2128]
Event: 6.118 Thread 0x000000001e5ea000 1894       3       java.nio.Buffer::nextGetIndex (31 bytes)

GC Heap History (10 events):
Event: 1.648 GC heap before
{Heap before GC invocations=2 (full 0):
 PSYoungGen      total 76288K, used 76270K [0x000000076b000000, 0x0000000770500000, 0x00000007c0000000)
  eden space 65536K, 100% used [0x000000076b000000,0x000000076f000000,0x000000076f000000)
  from space 10752K, 99% used [0x000000076f000000,0x000000076fa7ba18,0x000000076fa80000)
  to   space 10752K, 0% used [0x000000076fa80000,0x000000076fa80000,0x0000000770500000)
 ParOldGen       total 175104K, used 2577K [0x00000006c1000000, 0x00000006cbb00000, 0x000000076b000000)
  object space 175104K, 1% used [0x00000006c1000000,0x00000006c1284618,0x00000006cbb00000)
 Metaspace       used 13822K, capacity 14194K, committed 14336K, reserved 1062912K
  class space    used 1582K, capacity 1695K, committed 1792K, reserved 1048576K
Event: 1.662 GC heap after
Heap after GC invocations=2 (full 0):
 PSYoungGen      total 76288K, used 10750K [0x000000076b000000, 0x0000000774500000, 0x00000007c0000000)
  eden space 65536K, 0% used [0x000000076b000000,0x000000076b000000,0x000000076f000000)
  from space 10752K, 99% used [0x000000076fa80000,0x00000007704ff998,0x0000000770500000)
  to   space 10752K, 0% used [0x000000076f000000,0x000000076f000000,0x000000076fa80000)
 ParOldGen       total 175104K, used 21159K [0x00000006c1000000, 0x00000006cbb00000, 0x000000076b000000)
  object space 175104K, 12% used [0x00000006c1000000,0x00000006c24a9de0,0x00000006cbb00000)
 Metaspace       used 13822K, capacity 14194K, committed 14336K, reserved 1062912K
  class space    used 1582K, capacity 1695K, committed 1792K, reserved 1048576K
}
Event: 1.842 GC heap before
{Heap before GC invocations=3 (full 0):
 PSYoungGen      total 76288K, used 76286K [0x000000076b000000, 0x0000000774500000, 0x00000007c0000000)
  eden space 65536K, 100% used [0x000000076b000000,0x000000076f000000,0x000000076f000000)
  from space 10752K, 99% used [0x000000076fa80000,0x00000007704ff998,0x0000000770500000)
  to   space 10752K, 0% used [0x000000076f000000,0x000000076f000000,0x000000076fa80000)
 ParOldGen       total 175104K, used 21159K [0x00000006c1000000, 0x00000006cbb00000, 0x000000076b000000)
  object space 175104K, 12% used [0x00000006c1000000,0x00000006c24a9de0,0x00000006cbb00000)
 Metaspace       used 13831K, capacity 14194K, committed 14336K, reserved 1062912K
  class space    used 1582K, capacity 1695K, committed 1792K, reserved 1048576K
Event: 1.853 GC heap after
Heap after GC invocations=3 (full 0):
 PSYoungGen      total 76288K, used 10728K [0x000000076b000000, 0x0000000774500000, 0x00000007c0000000)
  eden space 65536K, 0% used [0x000000076b000000,0x000000076b000000,0x000000076f000000)
  from space 10752K, 99% used [0x000000076f000000,0x000000076fa7a038,0x000000076fa80000)
  to   space 10752K, 0% used [0x0000000773a80000,0x0000000773a80000,0x0000000774500000)
 ParOldGen       total 175104K, used 50577K [0x00000006c1000000, 0x00000006cbb00000, 0x000000076b000000)
  object space 175104K, 28% used [0x00000006c1000000,0x00000006c4164430,0x00000006cbb00000)
 Metaspace       used 13831K, capacity 14194K, committed 14336K, reserved 1062912K
  class space    used 1582K, capacity 1695K, committed 1792K, reserved 1048576K
}
Event: 2.614 GC heap before
{Heap before GC invocations=4 (full 0):
 PSYoungGen      total 76288K, used 76264K [0x000000076b000000, 0x0000000774500000, 0x00000007c0000000)
  eden space 65536K, 100% used [0x000000076b000000,0x000000076f000000,0x000000076f000000)
  from space 10752K, 99% used [0x000000076f000000,0x000000076fa7a038,0x000000076fa80000)
  to   space 10752K, 0% used [0x0000000773a80000,0x0000000773a80000,0x0000000774500000)
 ParOldGen       total 175104K, used 50577K [0x00000006c1000000, 0x00000006cbb00000, 0x000000076b000000)
  object space 175104K, 28% used [0x00000006c1000000,0x00000006c4164430,0x00000006cbb00000)
 Metaspace       used 13857K, capacity 14258K, committed 14592K, reserved 1062912K
  class space    used 1584K, capacity 1695K, committed 1792K, reserved 1048576K
Event: 2.626 GC heap after
Heap after GC invocations=4 (full 0):
 PSYoungGen      total 141824K, used 10741K [0x000000076b000000, 0x0000000774500000, 0x00000007c0000000)
  eden space 131072K, 0% used [0x000000076b000000,0x000000076b000000,0x0000000773000000)
  from space 10752K, 99% used [0x0000000773a80000,0x00000007744fd4d0,0x0000000774500000)
  to   space 10752K, 0% used [0x0000000773000000,0x0000000773000000,0x0000000773a80000)
 ParOldGen       total 175104K, used 68177K [0x00000006c1000000, 0x00000006cbb00000, 0x000000076b000000)
  object space 175104K, 38% used [0x00000006c1000000,0x00000006c5294500,0x00000006cbb00000)
 Metaspace       used 13857K, capacity 14258K, committed 14592K, reserved 1062912K
  class space    used 1584K, capacity 1695K, committed 1792K, reserved 1048576K
}
Event: 3.009 GC heap before
{Heap before GC invocations=5 (full 0):
 PSYoungGen      total 141824K, used 141813K [0x000000076b000000, 0x0000000774500000, 0x00000007c0000000)
  eden space 131072K, 100% used [0x000000076b000000,0x0000000773000000,0x0000000773000000)
  from space 10752K, 99% used [0x0000000773a80000,0x00000007744fd4d0,0x0000000774500000)
  to   space 10752K, 0% used [0x0000000773000000,0x0000000773000000,0x0000000773a80000)
 ParOldGen       total 175104K, used 68177K [0x00000006c1000000, 0x00000006cbb00000, 0x000000076b000000)
  object space 175104K, 38% used [0x00000006c1000000,0x00000006c5294500,0x00000006cbb00000)
 Metaspace       used 13898K, capacity 14258K, committed 14592K, reserved 1062912K
  class space    used 1584K, capacity 1695K, committed 1792K, reserved 1048576K
Event: 3.030 GC heap after
Heap after GC invocations=5 (full 0):
 PSYoungGen      total 141824K, used 10725K [0x000000076b000000, 0x0000000781f00000, 0x00000007c0000000)
  eden space 131072K, 0% used [0x000000076b000000,0x000000076b000000,0x0000000773000000)
  from space 10752K, 99% used [0x0000000773000000,0x0000000773a796e0,0x0000000773a80000)
  to   space 56832K, 0% used [0x000000077e780000,0x000000077e780000,0x0000000781f00000)
 ParOldGen       total 175104K, used 109221K [0x00000006c1000000, 0x00000006cbb00000, 0x000000076b000000)
  object space 175104K, 62% used [0x00000006c1000000,0x00000006c7aa9608,0x00000006cbb00000)
 Metaspace       used 13898K, capacity 14258K, committed 14592K, reserved 1062912K
  class space    used 1584K, capacity 1695K, committed 1792K, reserved 1048576K
}
Event: 3.461 GC heap before
{Heap before GC invocations=6 (full 0):
 PSYoungGen      total 141824K, used 141797K [0x000000076b000000, 0x0000000781f00000, 0x00000007c0000000)
  eden space 131072K, 100% used [0x000000076b000000,0x0000000773000000,0x0000000773000000)
  from space 10752K, 99% used [0x0000000773000000,0x0000000773a796e0,0x0000000773a80000)
  to   space 56832K, 0% used [0x000000077e780000,0x000000077e780000,0x0000000781f00000)
 ParOldGen       total 175104K, used 109221K [0x00000006c1000000, 0x00000006cbb00000, 0x000000076b000000)
  object space 175104K, 62% used [0x00000006c1000000,0x00000006c7aa9608,0x00000006cbb00000)
 Metaspace       used 13928K, capacity 14322K, committed 14592K, reserved 1062912K
  class space    used 1584K, capacity 1695K, committed 1792K, reserved 1048576K
Event: 3.483 GC heap after
Heap after GC invocations=6 (full 0):
 PSYoungGen      total 308224K, used 56800K [0x000000076b000000, 0x0000000783400000, 0x00000007c0000000)
  eden space 251392K, 0% used [0x000000076b000000,0x000000076b000000,0x000000077a580000)
  from space 56832K, 99% used [0x000000077e780000,0x0000000781ef8200,0x0000000781f00000)
  to   space 67584K, 0% used [0x000000077a580000,0x000000077a580000,0x000000077e780000)
 ParOldGen       total 175104K, used 110501K [0x00000006c1000000, 0x00000006cbb00000, 0x000000076b000000)
  object space 175104K, 63% used [0x00000006c1000000,0x00000006c7be9608,0x00000006cbb00000)
 Metaspace       used 13928K, capacity 14322K, committed 14592K, reserved 1062912K
  class space    used 1584K, capacity 1695K, committed 1792K, reserved 1048576K
}

Deoptimization events (10 events):
Event: 0.856 Thread 0x000000001fc9c800 Uncommon trap: reason=bimorphic action=maybe_recompile pc=0x0000000002f28d10 method=java.util.regex.Pattern$BmpCharProperty.match(Ljava/util/regex/Matcher;ILjava/lang/CharSequence;)Z @ 16
Event: 1.052 Thread 0x000000001fc9c800 Uncommon trap: reason=class_check action=maybe_recompile pc=0x0000000002de0c30 method=java.util.regex.Pattern$Curly.match(Ljava/util/regex/Matcher;ILjava/lang/CharSequence;)Z @ 19
Event: 1.115 Thread 0x000000001fc9c800 Uncommon trap: reason=class_check action=maybe_recompile pc=0x0000000002de0c30 method=java.util.regex.Pattern$Curly.match(Ljava/util/regex/Matcher;ILjava/lang/CharSequence;)Z @ 19
Event: 1.115 Thread 0x000000001fc9c800 Uncommon trap: reason=class_check action=maybe_recompile pc=0x0000000002de0c30 method=java.util.regex.Pattern$Curly.match(Ljava/util/regex/Matcher;ILjava/lang/CharSequence;)Z @ 19
Event: 1.441 Thread 0x000000001fdce000 Uncommon trap: reason=unstable_if action=reinterpret pc=0x0000000002e35108 method=sun.nio.cs.UTF_8$Decoder.decode([BII[C)I @ 30
Event: 3.668 Thread 0x000000001fdce000 Uncommon trap: reason=unstable_if action=reinterpret pc=0x00000000030978bc method=gnu.trove.impl.hash.TLongHash.index(J)I @ 48
Event: 6.117 Thread 0x000000001fdcc800 Uncommon trap: reason=bimorphic action=maybe_recompile pc=0x0000000002e81f58 method=java.io.DataInputStream.readInt()I @ 4
Event: 6.117 Thread 0x000000001fdcc800 Uncommon trap: reason=bimorphic action=maybe_recompile pc=0x0000000002e81f58 method=java.io.DataInputStream.readInt()I @ 4
Event: 6.117 Thread 0x000000001fdcc800 Uncommon trap: reason=bimorphic action=maybe_recompile pc=0x0000000002e81f58 method=java.io.DataInputStream.readInt()I @ 4
Event: 6.117 Thread 0x000000001fdcc800 Uncommon trap: reason=bimorphic action=maybe_recompile pc=0x0000000002e81f58 method=java.io.DataInputStream.readInt()I @ 4

Internal exceptions (10 events):
Event: 0.027 Thread 0x0000000002a03800 Exception <a 'java/lang/NoSuchMethodError': Method sun.misc.Unsafe.prefetchRead(Ljava/lang/Object;J)V name or signature does not match> (0x000000076b007f90) thrown at [C:\re\workspace\8-2-build-windows-amd64-cygwin\jdk8u144\9417\hotspot\src\share\vm\prims
Event: 0.199 Thread 0x0000000002a03800 Exception <a 'java/security/PrivilegedActionException'> (0x000000076b88dd20) thrown at [C:\re\workspace\8-2-build-windows-amd64-cygwin\jdk8u144\9417\hotspot\src\share\vm\prims\jvm.cpp, line 1390]
Event: 0.199 Thread 0x0000000002a03800 Exception <a 'java/security/PrivilegedActionException'> (0x000000076b88df30) thrown at [C:\re\workspace\8-2-build-windows-amd64-cygwin\jdk8u144\9417\hotspot\src\share\vm\prims\jvm.cpp, line 1390]
Event: 0.199 Thread 0x0000000002a03800 Exception <a 'java/security/PrivilegedActionException'> (0x000000076b891e40) thrown at [C:\re\workspace\8-2-build-windows-amd64-cygwin\jdk8u144\9417\hotspot\src\share\vm\prims\jvm.cpp, line 1390]
Event: 0.199 Thread 0x0000000002a03800 Exception <a 'java/security/PrivilegedActionException'> (0x000000076b892050) thrown at [C:\re\workspace\8-2-build-windows-amd64-cygwin\jdk8u144\9417\hotspot\src\share\vm\prims\jvm.cpp, line 1390]
Event: 0.200 Thread 0x0000000002a03800 Exception <a 'java/lang/NoClassDefFoundError': org/slf4j/impl/StaticLoggerBinder> (0x000000076b898218) thrown at [C:\re\workspace\8-2-build-windows-amd64-cygwin\jdk8u144\9417\hotspot\src\share\vm\classfile\systemDictionary.cpp, line 199]
Event: 0.229 Thread 0x0000000002a03800 Exception <a 'java/lang/NoSuchFieldError': method resolution failed> (0x000000076ba24eb8) thrown at [C:\re\workspace\8-2-build-windows-amd64-cygwin\jdk8u144\9417\hotspot\src\share\vm\prims\methodHandles.cpp, line 1146]
Event: 0.230 Thread 0x0000000002a03800 Exception <a 'java/lang/NoSuchFieldError': method resolution failed> (0x000000076ba32b90) thrown at [C:\re\workspace\8-2-build-windows-amd64-cygwin\jdk8u144\9417\hotspot\src\share\vm\prims\methodHandles.cpp, line 1146]
Event: 0.477 Thread 0x000000001fc02800 Exception <a 'java/lang/NoClassDefFoundError': org/slf4j/impl/StaticMDCBinder> (0x000000076cb0e540) thrown at [C:\re\workspace\8-2-build-windows-amd64-cygwin\jdk8u144\9417\hotspot\src\share\vm\classfile\systemDictionary.cpp, line 199]
Event: 0.754 Thread 0x000000001fc02800 Implicit null exception at 0x0000000002d5ebf1 to 0x0000000002d5f111

Events (10 events):
Event: 6.117 loading class com/sun/media/sound/WaveFileFormat
Event: 6.118 loading class javax/sound/sampled/AudioFileFormat
Event: 6.118 loading class javax/sound/sampled/AudioFileFormat done
Event: 6.118 loading class com/sun/media/sound/WaveFileFormat done
Event: 6.118 loading class javax/sound/sampled/AudioInputStream
Event: 6.118 loading class javax/sound/sampled/AudioInputStream done
Event: 6.118 loading class java/nio/ByteBufferAsShortBufferL
Event: 6.118 loading class java/nio/ShortBuffer
Event: 6.118 loading class java/nio/ShortBuffer done
Event: 6.118 loading class java/nio/ByteBufferAsShortBufferL done


Dynamic libraries:
0x00007ff692390000 - 0x00007ff6923c7000 	C:\Program Files\Java\jdk1.8.0_144\bin\java.exe
0x00007ffcfc210000 - 0x00007ffcfc3f1000 	C:\WINDOWS\SYSTEM32\ntdll.dll
0x00007ffcf9e20000 - 0x00007ffcf9ed2000 	C:\WINDOWS\System32\KERNEL32.DLL
0x00007ffcf90d0000 - 0x00007ffcf9343000 	C:\WINDOWS\System32\KERNELBASE.dll
0x00007ffcfba20000 - 0x00007ffcfbac1000 	C:\WINDOWS\System32\ADVAPI32.dll
0x00007ffcf99d0000 - 0x00007ffcf9a6e000 	C:\WINDOWS\System32\msvcrt.dll
0x00007ffcf9ee0000 - 0x00007ffcf9f3b000 	C:\WINDOWS\System32\sechost.dll
0x00007ffcfb8f0000 - 0x00007ffcfba14000 	C:\WINDOWS\System32\RPCRT4.dll
0x00007ffcfb460000 - 0x00007ffcfb5f0000 	C:\WINDOWS\System32\USER32.dll
0x00007ffcf90b0000 - 0x00007ffcf90d0000 	C:\WINDOWS\System32\win32u.dll
0x00007ffcfb860000 - 0x00007ffcfb888000 	C:\WINDOWS\System32\GDI32.dll
0x00007ffcf9500000 - 0x00007ffcf9692000 	C:\WINDOWS\System32\gdi32full.dll
0x00007ffcf8660000 - 0x00007ffcf86ff000 	C:\WINDOWS\System32\msvcp_win.dll
0x00007ffcf9350000 - 0x00007ffcf944a000 	C:\WINDOWS\System32\ucrtbase.dll
0x00007ffce4bd0000 - 0x00007ffce4e39000 	C:\WINDOWS\WinSxS\amd64_microsoft.windows.common-controls_6595b64144ccf1df_6.0.17134.112_none_fb3f961b30681c12\COMCTL32.dll
0x00007ffcf96a0000 - 0x00007ffcf99c3000 	C:\WINDOWS\System32\combase.dll
0x00007ffcf85e0000 - 0x00007ffcf865a000 	C:\WINDOWS\System32\bcryptPrimitives.dll
0x00007ffcfbd60000 - 0x00007ffcfbd8d000 	C:\WINDOWS\System32\IMM32.DLL
0x000000005d000000 - 0x000000005d0d2000 	C:\Program Files\Java\jdk1.8.0_144\jre\bin\msvcr100.dll
0x000000005c760000 - 0x000000005cffd000 	C:\Program Files\Java\jdk1.8.0_144\jre\bin\server\jvm.dll
0x00007ffcfb5f0000 - 0x00007ffcfb5f8000 	C:\WINDOWS\System32\PSAPI.DLL
0x00007ffcf3f40000 - 0x00007ffcf3f4a000 	C:\WINDOWS\SYSTEM32\VERSION.dll
0x00007ffcf4b60000 - 0x00007ffcf4b69000 	C:\WINDOWS\SYSTEM32\WSOCK32.dll
0x00007ffcedb60000 - 0x00007ffcedb83000 	C:\WINDOWS\SYSTEM32\WINMM.dll
0x00007ffcf9a80000 - 0x00007ffcf9aec000 	C:\WINDOWS\System32\WS2_32.dll
0x00007ffced850000 - 0x00007ffced87a000 	C:\WINDOWS\SYSTEM32\winmmbase.dll
0x00007ffcf9450000 - 0x00007ffcf9499000 	C:\WINDOWS\System32\cfgmgr32.dll
0x0000000060b40000 - 0x0000000060b4f000 	C:\Program Files\Java\jdk1.8.0_144\jre\bin\verify.dll
0x000000005f2c0000 - 0x000000005f2e9000 	C:\Program Files\Java\jdk1.8.0_144\jre\bin\java.dll
0x000000005f290000 - 0x000000005f2b3000 	C:\Program Files\Java\jdk1.8.0_144\jre\bin\instrument.dll
0x0000000060b20000 - 0x0000000060b36000 	C:\Program Files\Java\jdk1.8.0_144\jre\bin\zip.dll
0x00007ffcf9fa0000 - 0x00007ffcfb3e0000 	C:\WINDOWS\System32\SHELL32.dll
0x00007ffcfbc90000 - 0x00007ffcfbd39000 	C:\WINDOWS\System32\shcore.dll
0x00007ffcf88f0000 - 0x00007ffcf8ffd000 	C:\WINDOWS\System32\windows.storage.dll
0x00007ffcf9f40000 - 0x00007ffcf9f91000 	C:\WINDOWS\System32\shlwapi.dll
0x00007ffcf85c0000 - 0x00007ffcf85d1000 	C:\WINDOWS\System32\kernel.appcore.dll
0x00007ffcf85a0000 - 0x00007ffcf85bf000 	C:\WINDOWS\System32\profapi.dll
0x00007ffcf8530000 - 0x00007ffcf857c000 	C:\WINDOWS\System32\powrprof.dll
0x00007ffcf8520000 - 0x00007ffcf852a000 	C:\WINDOWS\System32\FLTLIB.DLL
0x00007ffcf2950000 - 0x00007ffcf296a000 	D:\Program Files\JetBrains\IntelliJ IDEA 2017.2.3\bin\breakgen64.dll
0x0000000060990000 - 0x00000000609aa000 	C:\Program Files\Java\jdk1.8.0_144\jre\bin\net.dll
0x00007ffcf7da0000 - 0x00007ffcf7e06000 	C:\WINDOWS\system32\mswsock.dll
0x00007ffcf7f60000 - 0x00007ffcf7f77000 	C:\WINDOWS\SYSTEM32\CRYPTSP.dll
0x00007ffcf7980000 - 0x00007ffcf79b3000 	C:\WINDOWS\system32\rsaenh.dll
0x00007ffcf8080000 - 0x00007ffcf80a5000 	C:\WINDOWS\SYSTEM32\bcrypt.dll
0x00007ffcf8420000 - 0x00007ffcf8448000 	C:\WINDOWS\SYSTEM32\USERENV.dll
0x00007ffcf7f50000 - 0x00007ffcf7f5b000 	C:\WINDOWS\SYSTEM32\CRYPTBASE.dll
0x00007ffcf7b20000 - 0x00007ffcf7b58000 	C:\WINDOWS\SYSTEM32\IPHLPAPI.DLL
0x00007ffcf9a70000 - 0x00007ffcf9a78000 	C:\WINDOWS\System32\NSI.dll
0x00007ffcf3eb0000 - 0x00007ffcf3ec6000 	C:\WINDOWS\SYSTEM32\dhcpcsvc6.DLL
0x00007ffcf41f0000 - 0x00007ffcf420a000 	C:\WINDOWS\SYSTEM32\dhcpcsvc.DLL
0x000000005f270000 - 0x000000005f281000 	C:\Program Files\Java\jdk1.8.0_144\jre\bin\nio.dll
0x000000005c730000 - 0x000000005c754000 	C:\Program Files\Java\jdk1.8.0_144\jre\bin\sunec.dll
0x00007ffcf7b60000 - 0x00007ffcf7c1e000 	C:\WINDOWS\SYSTEM32\DNSAPI.dll
0x00007ffcefd30000 - 0x00007ffcefd3a000 	C:\Windows\System32\rasadhlp.dll
0x00007ffcefec0000 - 0x00007ffceff32000 	C:\WINDOWS\System32\fwpuclnt.dll
0x000000005f260000 - 0x000000005f26b000 	C:\Program Files\Java\jdk1.8.0_144\jre\bin\sunmscapi.dll
0x00007ffcf8700000 - 0x00007ffcf88e2000 	C:\WINDOWS\System32\CRYPT32.dll
0x00007ffcf8580000 - 0x00007ffcf8592000 	C:\WINDOWS\System32\MSASN1.dll
0x0000000067640000 - 0x0000000067663000 	C:\Users\Austin\Desktop\VoiceBot\Runtime\lib\libpv_porcupine.dll
0x00000000677c0000 - 0x00000000677d4000 	C:\Users\Austin\Desktop\VoiceBot\Runtime\lib\libjni.dll
0x000000006fc40000 - 0x000000006fda1000 	C:\Program Files\Haskell Platform\8.2.2\mingw\bin\libstdc++-6.dll
0x0000000064940000 - 0x0000000064955000 	C:\Program Files\Haskell Platform\8.2.2\mingw\bin\libwinpthread-1.dll
0x0000000061440000 - 0x000000006145c000 	C:\Program Files\Haskell Platform\8.2.2\mingw\bin\libgcc_s_seh-1.dll
0x00007ffcf3f50000 - 0x00007ffcf4119000 	C:\WINDOWS\SYSTEM32\dbghelp.dll

VM Arguments:
jvm_args: -javaagent:D:\Program Files\JetBrains\IntelliJ IDEA 2017.2.3\lib\idea_rt.jar=50929:D:\Program Files\JetBrains\IntelliJ IDEA 2017.2.3\bin -Dfile.encoding=UTF-8 
java_command: net.notfab.voicebot.VoiceBot
java_class_path (initial): C:\Program Files\Java\jdk1.8.0_144\jre\lib\charsets.jar;C:\Program Files\Java\jdk1.8.0_144\jre\lib\deploy.jar;C:\Program Files\Java\jdk1.8.0_144\jre\lib\ext\access-bridge-64.jar;C:\Program Files\Java\jdk1.8.0_144\jre\lib\ext\cldrdata.jar;C:\Program Files\Java\jdk1.8.0_144\jre\lib\ext\dnsns.jar;C:\Program Files\Java\jdk1.8.0_144\jre\lib\ext\jaccess.jar;C:\Program Files\Java\jdk1.8.0_144\jre\lib\ext\jfxrt.jar;C:\Program Files\Java\jdk1.8.0_144\jre\lib\ext\localedata.jar;C:\Program Files\Java\jdk1.8.0_144\jre\lib\ext\nashorn.jar;C:\Program Files\Java\jdk1.8.0_144\jre\lib\ext\sunec.jar;C:\Program Files\Java\jdk1.8.0_144\jre\lib\ext\sunjce_provider.jar;C:\Program Files\Java\jdk1.8.0_144\jre\lib\ext\sunmscapi.jar;C:\Program Files\Java\jdk1.8.0_144\jre\lib\ext\sunpkcs11.jar;C:\Program Files\Java\jdk1.8.0_144\jre\lib\ext\zipfs.jar;C:\Program Files\Java\jdk1.8.0_144\jre\lib\javaws.jar;C:\Program Files\Java\jdk1.8.0_144\jre\lib\jce.jar;C:\Program Files\Java\jdk1.8.0_144\jre\lib\jfr.jar;C:\Program Files\Java\jdk1.8.0_144\jre\lib\jfxswt.jar;C:\Program Files\Java\jdk1.8.0_144\jre\lib\jsse.jar;C:\Program Files\Java\jdk1.8.0_144\jre\lib\management-agent.jar;C:\Program Files\Java\jdk1.8.0_144\jre\lib\plugin.jar;C:\Program Files\Java\jdk1.8.0_144\jre\lib\resources.jar;C:\Program Files\Java\jdk1.8.0_144\jre\lib\rt.jar;C:\Users\Austin\Desktop\VoiceBot\out\production\classes;C:\Users\Austin\.gradle\caches\modules-2\files-2.1\net.dv8tion\JDA\3.6.0_377\e410347f40abb1f9f9883ac4e6f3a49f7807ec28\JDA-3.6.0_377.jar;C:\Users\Austin\.gradle\caches\modules-2\files-2.1\com.googlecode.soundlibs\tritonus-share\0.3.7-2\f1775901b6e98fa13d199fe8d166436434fc867f\tritonus-share-0.3.7-2.jar;C:\Users\Austin\.gradle\caches\modules-2\files-2.1\com.google.code.findbugs\jsr305\3.0.2\25ea2e8b0c338a877313bd4672d3fe056ea78f0d\jsr305-3.0.2.jar;C:\Users\Austin\.gradle\caches\modules-2\files-2.1\org.slf4j\slf4j-api\1.7.25\da76ca59f6a57ee3102f8f9bd9cee742973efa8a\slf4j-api-1.7.25.jar;C:\
Launcher Type: SUN_STANDARD

Environment Variables:
JAVA_HOME=C:\Program Files\Java\jdk1.8.0_144
PATH=C:\Program Files\Haskell\bin;C:\Program Files\Haskell Platform\8.2.2\lib\extralibs\bin;C:\Program Files\Haskell Platform\8.2.2\bin;C:\ProgramData\Oracle\Java\javapath;C:\Program Files (x86)\Intel\iCLS Client\;C:\Program Files\Intel\iCLS Client\;C:\WINDOWS\system32;C:\WINDOWS;C:\WINDOWS\System32\Wbem;C:\WINDOWS\System32\WindowsPowerShell\v1.0\;C:\Program Files (x86)\Intel\Intel(R) Management Engine Components\DAL;C:\Program Files\Intel\Intel(R) Management Engine Components\DAL;C:\Program Files (x86)\Intel\Intel(R) Management Engine Components\IPT;C:\Program Files\Intel\Intel(R) Management Engine Components\IPT;C:\Program Files (x86)\NVIDIA Corporation\PhysX\Common;D:\Program Files\PuTTY\;D:\Program Files\Git\cmd;C:\WINDOWS\system32;C:\WINDOWS;C:\WINDOWS\System32\Wbem;C:\WINDOWS\System32\WindowsPowerShell\v1.0\;C:\Program Files\Haskell Platform\8.2.2\mingw\bin;D:\Program Files\nodejs\;C:\WINDOWS\System32\OpenSSH\;C:\Users\Austin\AppData\Local\Programs\Python\Python37\Scripts\;C:\Users\Austin\AppData\Local\Programs\Python\Python37\;C:\Users\Austin\AppData\Roaming\cabal\bin;C:\Users\Austin\AppData\Roaming\local\bin;C:\Users\Austin\AppData\Local\Microsoft\WindowsApps;C:\Users\Austin\AppData\Roaming\npm;
USERNAME=Austin
OS=Windows_NT
PROCESSOR_IDENTIFIER=Intel64 Family 6 Model 158 Stepping 9, GenuineIntel



---------------  S Y S T E M  ---------------

OS: Windows 10.0 , 64 bit Build 17134 (10.0.17134.1)

CPU:total 8 (initial active 8) (4 cores per cpu, 2 threads per core) family 6 model 158 stepping 9, cmov, cx8, fxsr, mmx, sse, sse2, sse3, ssse3, sse4.1, sse4.2, popcnt, avx, avx2, aes, clmul, erms, rtm, 3dnowpref, lzcnt, ht, tsc, tscinvbit, bmi1, bmi2, adx

Memory: 4k page, physical 16708920k(6016796k free), swap 31913272k(11008540k free)

vm_info: Java HotSpot(TM) 64-Bit Server VM (25.144-b01) for windows-amd64 JRE (1.8.0_144-b01), built on Jul 21 2017 21:57:33 by "java_re" with MS VC++ 10.0 (VS2010)

time: Wed Jul 11 00:51:01 2018
elapsed time: 6 seconds (0d 0h 0m 6s)

